  Graph.cpp
C:\Users\HP\Desktop\коммивояжер\коммивояжер\Graph.cpp(116,20): warning C4018: <: несоответствие типов со знаком и без знака
C:\Users\HP\Desktop\коммивояжер\коммивояжер\Graph.cpp(117,21): warning C4018: <: несоответствие типов со знаком и без знака
C:\Users\HP\Desktop\коммивояжер\коммивояжер\Graph.cpp(244,20): warning C4018: <: несоответствие типов со знаком и без знака
C:\Users\HP\Desktop\коммивояжер\коммивояжер\Graph.cpp(265,20): warning C4018: <: несоответствие типов со знаком и без знака
C:\Users\HP\Desktop\коммивояжер\коммивояжер\Graph.cpp(272,20): warning C4018: <: несоответствие типов со знаком и без знака
C:\Users\HP\Desktop\коммивояжер\коммивояжер\Graph.cpp(300,32): warning C4244: аргумент: преобразование "double" в "GLint", возможна потеря данных
C:\Users\HP\Desktop\коммивояжер\коммивояжер\Graph.cpp(301,20): warning C4018: <: несоответствие типов со знаком и без знака
C:\Users\HP\Desktop\коммивояжер\коммивояжер\Graph.cpp(324,11): warning C4244: инициализация: преобразование "int" в "float", возможна потеря данных
C:\Users\HP\Desktop\коммивояжер\коммивояжер\Graph.cpp(325,11): warning C4244: инициализация: преобразование "int" в "float", возможна потеря данных
C:\Users\HP\Desktop\коммивояжер\коммивояжер\Graph.cpp(329,10): warning C4244: =: преобразование "float" в "int", возможна потеря данных
C:\Users\HP\Desktop\коммивояжер\коммивояжер\Graph.cpp(330,10): warning C4244: =: преобразование "float" в "int", возможна потеря данных
C:\Users\HP\Desktop\коммивояжер\коммивояжер\Graph.cpp(334,17): warning C4244: аргумент: преобразование "int" в "GLfloat", возможна потеря данных
C:\Users\HP\Desktop\коммивояжер\коммивояжер\Graph.cpp(334,13): warning C4244: аргумент: преобразование "int" в "GLfloat", возможна потеря данных
C:\Users\HP\Desktop\коммивояжер\коммивояжер\Graph.cpp(348,11): warning C4244: инициализация: преобразование "int" в "float", возможна потеря данных
C:\Users\HP\Desktop\коммивояжер\коммивояжер\Graph.cpp(349,11): warning C4244: инициализация: преобразование "int" в "float", возможна потеря данных
C:\Users\HP\Desktop\коммивояжер\коммивояжер\Graph.cpp(353,10): warning C4244: =: преобразование "float" в "int", возможна потеря данных
C:\Users\HP\Desktop\коммивояжер\коммивояжер\Graph.cpp(354,10): warning C4244: =: преобразование "float" в "int", возможна потеря данных
C:\Users\HP\Desktop\коммивояжер\коммивояжер\Graph.cpp(358,17): warning C4244: аргумент: преобразование "int" в "GLfloat", возможна потеря данных
C:\Users\HP\Desktop\коммивояжер\коммивояжер\Graph.cpp(358,13): warning C4244: аргумент: преобразование "int" в "GLfloat", возможна потеря данных
C:\Users\HP\Desktop\коммивояжер\коммивояжер\Graph.cpp(381,9): warning C4244: инициализация: преобразование "float" в "int", возможна потеря данных
C:\Users\HP\Desktop\коммивояжер\коммивояжер\Graph.cpp(382,9): warning C4244: инициализация: преобразование "float" в "int", возможна потеря данных
C:\Users\HP\Desktop\коммивояжер\коммивояжер\Graph.cpp(423,21): warning C4018: <: несоответствие типов со знаком и без знака
  коммивояжер.cpp
  Создание кода...
  коммивояжер.vcxproj -> C:\Users\HP\Desktop\коммивояжер\коммивояжер\Debug\коммивояжер.exe
